# Logfile created on 2017-12-22 10:06:26 -0400 by logger.rb/56815
D, [2017-12-22T10:06:26.460457 #4656] DEBUG -- : REQUESTING PAGE: GET /Tablero with {} and HTTP headers {}
D, [2017-12-22T10:07:44.211475 #10516] DEBUG -- : REQUESTING PAGE: GET /Tablero with {} and HTTP headers {}
D, [2017-12-22T10:16:48.601347 #7128] DEBUG -- : REQUESTING PAGE: GET /Tablero with {} and HTTP headers {}
D, [2017-12-22T10:16:48.733671 #7128] DEBUG -- : REQUESTING PAGE: GET /Tablero with {} and HTTP headers {}
D, [2017-12-22T10:17:40.313743 #9668] DEBUG -- : REQUESTING PAGE: GET /Tablero with {} and HTTP headers {}
D, [2017-12-22T10:17:40.454557 #9668] DEBUG -- : REQUESTING PAGE: GET /Tablero with {} and HTTP headers {}
D, [2017-12-22T10:18:10.031430 #7960] DEBUG -- : REQUESTING PAGE: GET /Tablero with {} and HTTP headers {}
D, [2017-12-22T10:18:10.175206 #7960] DEBUG -- : REQUESTING PAGE: GET /Tablero with {} and HTTP headers {}
D, [2017-12-22T10:21:06.786459 #9108] DEBUG -- : REQUESTING PAGE: GET /Tablero with {} and HTTP headers {}
D, [2017-12-22T10:21:06.906429 #9108] DEBUG -- : REQUESTING PAGE: GET /Tablero with {} and HTTP headers {}
D, [2017-12-22T10:26:19.297206 #4604] DEBUG -- : REQUESTING PAGE: GET /Tablero with {} and HTTP headers {}
D, [2017-12-22T10:26:19.443568 #4604] DEBUG -- : REQUESTING PAGE: GET /Tablero with {} and HTTP headers {}
D, [2017-12-22T10:26:19.482569 #4604] DEBUG -- : REQUESTING PAGE: GET /Tablero with {} and HTTP headers {}
D, [2017-12-22T10:26:19.670569 #4604] DEBUG -- : REQUESTING PAGE: GET /Tablero with {} and HTTP headers {}
D, [2017-12-22T10:26:19.828576 #4604] DEBUG -- : REQUESTING PAGE: GET /Tablero with {} and HTTP headers {}
D, [2017-12-22T10:26:19.878387 #4604] DEBUG -- : REQUESTING PAGE: GET /Tablero with {} and HTTP headers {}
D, [2017-12-22T10:26:19.924393 #4604] DEBUG -- : REQUESTING PAGE: GET /Tablero with {} and HTTP headers {}
D, [2017-12-22T10:26:20.090394 #4604] DEBUG -- : REQUESTING PAGE: GET /Tablero with {} and HTTP headers {}
D, [2017-12-22T10:26:20.247907 #4604] DEBUG -- : REQUESTING PAGE: GET /Tablero with {} and HTTP headers {}
D, [2017-12-22T10:26:20.409888 #4604] DEBUG -- : REQUESTING PAGE: GET /Tablero with {} and HTTP headers {}
D, [2017-12-22T10:28:18.747441 #1460] DEBUG -- : REQUESTING PAGE: GET /Tablero with {} and HTTP headers {}
D, [2017-12-22T10:28:18.871183 #1460] DEBUG -- : REQUESTING PAGE: GET /Tablero with {} and HTTP headers {}
D, [2017-12-22T10:28:18.917155 #1460] DEBUG -- : REQUESTING PAGE: GET /Tablero with {} and HTTP headers {}
D, [2017-12-22T10:28:18.957193 #1460] DEBUG -- : REQUESTING PAGE: GET /Tablero with {} and HTTP headers {}
D, [2017-12-22T10:28:18.990155 #1460] DEBUG -- : REQUESTING PAGE: GET /Tablero with {} and HTTP headers {}
D, [2017-12-22T10:28:19.036163 #1460] DEBUG -- : REQUESTING PAGE: GET /Tablero with {} and HTTP headers {}
D, [2017-12-22T10:28:19.076139 #1460] DEBUG -- : REQUESTING PAGE: GET /Tablero with {} and HTTP headers {}
D, [2017-12-22T10:28:19.117181 #1460] DEBUG -- : REQUESTING PAGE: GET /Tablero with {} and HTTP headers {}
D, [2017-12-22T10:28:19.160141 #1460] DEBUG -- : REQUESTING PAGE: GET /Tablero with {} and HTTP headers {}
D, [2017-12-22T10:28:19.206136 #1460] DEBUG -- : REQUESTING PAGE: GET /Tablero with {} and HTTP headers {}
D, [2017-12-22T10:35:45.758018 #11912] DEBUG -- : REQUESTING PAGE: GET /Tablero with {} and HTTP headers {}
D, [2017-12-22T10:35:45.916730 #11912] DEBUG -- : REQUESTING PAGE: GET /Tablero with {} and HTTP headers {}
D, [2017-12-22T10:35:45.971724 #11912] DEBUG -- : REQUESTING PAGE: GET /Tablero with {} and HTTP headers {}
D, [2017-12-22T10:35:46.015040 #11912] DEBUG -- : REQUESTING PAGE: GET /Tablero with {} and HTTP headers {}
D, [2017-12-22T10:35:46.053720 #11912] DEBUG -- : REQUESTING PAGE: GET /Tablero with {} and HTTP headers {}
D, [2017-12-22T10:35:46.106873 #11912] DEBUG -- : REQUESTING PAGE: GET /Tablero with {} and HTTP headers {}
D, [2017-12-22T10:35:46.156863 #11912] DEBUG -- : REQUESTING PAGE: GET /Tablero with {} and HTTP headers {}
D, [2017-12-22T10:35:46.208869 #11912] DEBUG -- : REQUESTING PAGE: GET /Tablero with {} and HTTP headers {}
D, [2017-12-22T10:35:46.242072 #11912] DEBUG -- : REQUESTING PAGE: GET /Tablero with {} and HTTP headers {}
D, [2017-12-22T10:35:46.290078 #11912] DEBUG -- : REQUESTING PAGE: GET /Tablero with {} and HTTP headers {}
D, [2017-12-22T10:35:46.335199 #11912] DEBUG -- : REQUESTING PAGE: GET /Tablero with {} and HTTP headers {}
D, [2017-12-22T10:36:59.800783 #12040] DEBUG -- : REQUESTING PAGE: GET /Tablero with {} and HTTP headers {}
D, [2017-12-22T10:36:59.949195 #12040] DEBUG -- : REQUESTING PAGE: GET /Tablero with {} and HTTP headers {}
D, [2017-12-22T10:37:00.037251 #12040] DEBUG -- : REQUESTING PAGE: GET /Tablero with {} and HTTP headers {}
D, [2017-12-22T10:37:00.089252 #12040] DEBUG -- : REQUESTING PAGE: GET /Tablero with {} and HTTP headers {}
D, [2017-12-22T10:37:00.140258 #12040] DEBUG -- : REQUESTING PAGE: GET /Tablero with {} and HTTP headers {}
D, [2017-12-22T10:37:00.192268 #12040] DEBUG -- : REQUESTING PAGE: GET /Tablero with {} and HTTP headers {}
D, [2017-12-22T10:37:00.238774 #12040] DEBUG -- : REQUESTING PAGE: GET /Tablero with {} and HTTP headers {}
D, [2017-12-22T10:37:00.285650 #12040] DEBUG -- : REQUESTING PAGE: GET /Tablero with {} and HTTP headers {}
D, [2017-12-22T10:37:00.327000 #12040] DEBUG -- : REQUESTING PAGE: GET /Tablero with {} and HTTP headers {}
D, [2017-12-22T10:37:00.378830 #12040] DEBUG -- : REQUESTING PAGE: GET /Tablero with {} and HTTP headers {}
D, [2017-12-22T10:37:00.422168 #12040] DEBUG -- : REQUESTING PAGE: GET /Tablero with {} and HTTP headers {}
D, [2017-12-22T10:40:18.050473 #12888] DEBUG -- : REQUESTING PAGE: GET /Tablero with {} and HTTP headers {}
D, [2017-12-22T10:40:18.197336 #12888] DEBUG -- : REQUESTING PAGE: GET /Tablero with {} and HTTP headers {}
D, [2017-12-22T10:40:18.227354 #12888] DEBUG -- : REQUESTING PAGE: POST /marcar1 with {} and HTTP headers {"HTTP_REFERER"=>"/Tablero"}
D, [2017-12-22T10:40:18.296401 #12888] DEBUG -- : REQUESTING PAGE: GET /Tablero with {} and HTTP headers {}
D, [2017-12-22T10:40:18.342340 #12888] DEBUG -- : REQUESTING PAGE: GET /Tablero with {} and HTTP headers {}
D, [2017-12-22T10:40:18.391401 #12888] DEBUG -- : REQUESTING PAGE: GET /Tablero with {} and HTTP headers {}
D, [2017-12-22T10:40:18.431374 #12888] DEBUG -- : REQUESTING PAGE: GET /Tablero with {} and HTTP headers {}
D, [2017-12-22T10:40:18.475378 #12888] DEBUG -- : REQUESTING PAGE: GET /Tablero with {} and HTTP headers {}
D, [2017-12-22T10:40:18.513381 #12888] DEBUG -- : REQUESTING PAGE: GET /Tablero with {} and HTTP headers {}
D, [2017-12-22T10:40:18.563382 #12888] DEBUG -- : REQUESTING PAGE: GET /Tablero with {} and HTTP headers {}
D, [2017-12-22T10:40:18.607447 #12888] DEBUG -- : REQUESTING PAGE: GET /Tablero with {} and HTTP headers {}
D, [2017-12-22T10:40:18.646435 #12888] DEBUG -- : REQUESTING PAGE: GET /Tablero with {} and HTTP headers {}
D, [2017-12-22T10:42:36.903201 #13232] DEBUG -- : REQUESTING PAGE: GET /Tablero with {} and HTTP headers {}
D, [2017-12-22T10:42:37.020737 #13232] DEBUG -- : REQUESTING PAGE: GET /Tablero with {} and HTTP headers {}
D, [2017-12-22T10:42:37.046715 #13232] DEBUG -- : REQUESTING PAGE: POST /marcar1 with {} and HTTP headers {"HTTP_REFERER"=>"/Tablero"}
D, [2017-12-22T10:42:37.255715 #13232] DEBUG -- : REQUESTING PAGE: GET /Tablero with {} and HTTP headers {}
D, [2017-12-22T10:42:37.295747 #13232] DEBUG -- : REQUESTING PAGE: GET /Tablero with {} and HTTP headers {}
D, [2017-12-22T10:42:37.347715 #13232] DEBUG -- : REQUESTING PAGE: GET /Tablero with {} and HTTP headers {}
D, [2017-12-22T10:42:37.395747 #13232] DEBUG -- : REQUESTING PAGE: GET /Tablero with {} and HTTP headers {}
D, [2017-12-22T10:42:37.421090 #13232] DEBUG -- : REQUESTING PAGE: GET /Tablero with {} and HTTP headers {}
D, [2017-12-22T10:42:37.479604 #13232] DEBUG -- : REQUESTING PAGE: GET /Tablero with {} and HTTP headers {}
D, [2017-12-22T10:42:37.518666 #13232] DEBUG -- : REQUESTING PAGE: GET /Tablero with {} and HTTP headers {}
D, [2017-12-22T10:42:37.563640 #13232] DEBUG -- : REQUESTING PAGE: GET /Tablero with {} and HTTP headers {}
D, [2017-12-22T10:42:37.605601 #13232] DEBUG -- : REQUESTING PAGE: GET /Tablero with {} and HTTP headers {}
D, [2017-12-22T10:44:21.468673 #8236] DEBUG -- : REQUESTING PAGE: GET /Tablero with {} and HTTP headers {}
D, [2017-12-22T10:44:21.624602 #8236] DEBUG -- : REQUESTING PAGE: GET /Tablero with {} and HTTP headers {}
D, [2017-12-22T10:44:21.652610 #8236] DEBUG -- : REQUESTING PAGE: POST /marcar1 with {} and HTTP headers {"HTTP_REFERER"=>"/Tablero"}
D, [2017-12-22T10:44:21.887179 #8236] DEBUG -- : REQUESTING PAGE: GET /Tablero with {} and HTTP headers {}
D, [2017-12-22T10:44:21.943198 #8236] DEBUG -- : REQUESTING PAGE: GET /Tablero with {} and HTTP headers {}
D, [2017-12-22T10:44:21.988186 #8236] DEBUG -- : REQUESTING PAGE: GET /Tablero with {} and HTTP headers {}
D, [2017-12-22T10:44:22.044131 #8236] DEBUG -- : REQUESTING PAGE: GET /Tablero with {} and HTTP headers {}
D, [2017-12-22T10:44:22.101957 #8236] DEBUG -- : REQUESTING PAGE: GET /Tablero with {} and HTTP headers {}
D, [2017-12-22T10:44:22.149943 #8236] DEBUG -- : REQUESTING PAGE: GET /Tablero with {} and HTTP headers {}
D, [2017-12-22T10:44:22.201864 #8236] DEBUG -- : REQUESTING PAGE: GET /Tablero with {} and HTTP headers {}
D, [2017-12-22T10:44:22.248866 #8236] DEBUG -- : REQUESTING PAGE: GET /Tablero with {} and HTTP headers {}
D, [2017-12-22T10:44:22.300872 #8236] DEBUG -- : REQUESTING PAGE: GET /Tablero with {} and HTTP headers {}
D, [2017-12-22T10:47:59.874684 #11540] DEBUG -- : REQUESTING PAGE: GET /Tablero with {} and HTTP headers {}
D, [2017-12-22T10:48:00.029003 #11540] DEBUG -- : REQUESTING PAGE: GET /Tablero with {} and HTTP headers {}
D, [2017-12-22T10:48:00.061604 #11540] DEBUG -- : REQUESTING PAGE: POST /marcar1 with {} and HTTP headers {"HTTP_REFERER"=>"/Tablero"}
D, [2017-12-22T10:48:00.115547 #11540] DEBUG -- : REQUESTING PAGE: GET /Tablero with {} and HTTP headers {}
D, [2017-12-22T10:48:00.164560 #11540] DEBUG -- : REQUESTING PAGE: GET /Tablero with {} and HTTP headers {}
D, [2017-12-22T10:48:00.212598 #11540] DEBUG -- : REQUESTING PAGE: GET /Tablero with {} and HTTP headers {}
D, [2017-12-22T10:48:00.264035 #11540] DEBUG -- : REQUESTING PAGE: GET /Tablero with {} and HTTP headers {}
D, [2017-12-22T10:48:00.316928 #11540] DEBUG -- : REQUESTING PAGE: GET /Tablero with {} and HTTP headers {}
D, [2017-12-22T10:48:00.364538 #11540] DEBUG -- : REQUESTING PAGE: GET /Tablero with {} and HTTP headers {}
D, [2017-12-22T10:48:00.411222 #11540] DEBUG -- : REQUESTING PAGE: GET /Tablero with {} and HTTP headers {}
D, [2017-12-22T10:48:00.461140 #11540] DEBUG -- : REQUESTING PAGE: GET /Tablero with {} and HTTP headers {}
D, [2017-12-22T10:48:00.510164 #11540] DEBUG -- : REQUESTING PAGE: GET /Tablero with {} and HTTP headers {}
D, [2017-12-22T11:05:45.196039 #11036] DEBUG -- : REQUESTING PAGE: GET /Tablero with {} and HTTP headers {}
D, [2017-12-22T11:05:45.340851 #11036] DEBUG -- : REQUESTING PAGE: GET /Tablero with {} and HTTP headers {}
D, [2017-12-22T11:05:45.368859 #11036] DEBUG -- : REQUESTING PAGE: POST /marcar1 with {} and HTTP headers {"HTTP_REFERER"=>"/Tablero"}
D, [2017-12-22T11:05:45.408813 #11036] DEBUG -- : REQUESTING PAGE: GET /Tablero with {} and HTTP headers {}
D, [2017-12-22T11:05:45.452421 #11036] DEBUG -- : REQUESTING PAGE: GET /Tablero with {} and HTTP headers {}
D, [2017-12-22T11:05:45.491842 #11036] DEBUG -- : REQUESTING PAGE: GET /Tablero with {} and HTTP headers {}
D, [2017-12-22T11:05:45.532835 #11036] DEBUG -- : REQUESTING PAGE: GET /Tablero with {} and HTTP headers {}
D, [2017-12-22T11:05:45.575346 #11036] DEBUG -- : REQUESTING PAGE: GET /Tablero with {} and HTTP headers {}
D, [2017-12-22T11:05:45.617034 #11036] DEBUG -- : REQUESTING PAGE: GET /Tablero with {} and HTTP headers {}
D, [2017-12-22T11:05:45.658388 #11036] DEBUG -- : REQUESTING PAGE: GET /Tablero with {} and HTTP headers {}
D, [2017-12-22T11:05:45.700867 #11036] DEBUG -- : REQUESTING PAGE: GET /Tablero with {} and HTTP headers {}
D, [2017-12-22T11:05:45.744882 #11036] DEBUG -- : REQUESTING PAGE: GET /Tablero with {} and HTTP headers {}
D, [2017-12-22T12:12:31.271652 #9900] DEBUG -- : REQUESTING PAGE: GET /Tablero with {} and HTTP headers {}
D, [2017-12-22T12:13:36.893577 #2824] DEBUG -- : REQUESTING PAGE: GET /Tablero with {} and HTTP headers {}
D, [2017-12-22T12:13:37.038178 #2824] DEBUG -- : REQUESTING PAGE: GET /Tablero with {} and HTTP headers {}
D, [2017-12-22T12:13:37.057179 #2824] DEBUG -- : REQUESTING PAGE: POST /marcar1 with {} and HTTP headers {"HTTP_REFERER"=>"/Tablero"}
D, [2017-12-22T12:13:37.101860 #2824] DEBUG -- : REQUESTING PAGE: GET /Tablero with {} and HTTP headers {}
D, [2017-12-22T12:13:37.139862 #2824] DEBUG -- : REQUESTING PAGE: GET /Tablero with {} and HTTP headers {}
D, [2017-12-22T12:13:37.173859 #2824] DEBUG -- : REQUESTING PAGE: GET /Tablero with {} and HTTP headers {}
D, [2017-12-22T12:13:37.207862 #2824] DEBUG -- : REQUESTING PAGE: GET /Tablero with {} and HTTP headers {}
D, [2017-12-22T12:13:37.259883 #2824] DEBUG -- : REQUESTING PAGE: GET /Tablero with {} and HTTP headers {}
D, [2017-12-22T12:13:37.299860 #2824] DEBUG -- : REQUESTING PAGE: GET /Tablero with {} and HTTP headers {}
D, [2017-12-22T12:13:37.339933 #2824] DEBUG -- : REQUESTING PAGE: GET /Tablero with {} and HTTP headers {}
D, [2017-12-22T12:13:37.375959 #2824] DEBUG -- : REQUESTING PAGE: GET /Tablero with {} and HTTP headers {}
D, [2017-12-22T12:13:37.413731 #2824] DEBUG -- : REQUESTING PAGE: GET /Tablero with {} and HTTP headers {}
D, [2017-12-22T12:17:13.190433 #11764] DEBUG -- : REQUESTING PAGE: GET /Tablero with {} and HTTP headers {}
D, [2017-12-22T12:17:13.347132 #11764] DEBUG -- : REQUESTING PAGE: GET /Tablero with {} and HTTP headers {}
D, [2017-12-22T12:17:13.374147 #11764] DEBUG -- : REQUESTING PAGE: POST /marcar1 with {} and HTTP headers {"HTTP_REFERER"=>"/Tablero"}
D, [2017-12-22T12:17:13.409191 #11764] DEBUG -- : REQUESTING PAGE: GET /Tablero with {} and HTTP headers {}
D, [2017-12-22T12:17:13.432111 #11764] DEBUG -- : REQUESTING PAGE: POST /marcar1 with {} and HTTP headers {"HTTP_REFERER"=>"/Tablero"}
D, [2017-12-22T12:17:13.502274 #11764] DEBUG -- : REQUESTING PAGE: GET /Tablero with {} and HTTP headers {}
D, [2017-12-22T12:17:13.535274 #11764] DEBUG -- : REQUESTING PAGE: GET /Tablero with {} and HTTP headers {}
D, [2017-12-22T12:17:13.583604 #11764] DEBUG -- : REQUESTING PAGE: GET /Tablero with {} and HTTP headers {}
D, [2017-12-22T12:17:13.598185 #11764] DEBUG -- : REQUESTING PAGE: GET /Tablero with {} and HTTP headers {}
D, [2017-12-22T12:17:13.650112 #11764] DEBUG -- : REQUESTING PAGE: GET /Tablero with {} and HTTP headers {}
D, [2017-12-22T12:17:13.691389 #11764] DEBUG -- : REQUESTING PAGE: GET /Tablero with {} and HTTP headers {}
D, [2017-12-22T12:17:13.721389 #11764] DEBUG -- : REQUESTING PAGE: GET /Tablero with {} and HTTP headers {}
D, [2017-12-22T12:17:13.747388 #11764] DEBUG -- : REQUESTING PAGE: GET /Tablero with {} and HTTP headers {}
D, [2017-12-22T12:17:13.786665 #11764] DEBUG -- : REQUESTING PAGE: GET /Tablero with {} and HTTP headers {}
D, [2017-12-22T12:20:02.442286 #10724] DEBUG -- : REQUESTING PAGE: GET /Tablero with {} and HTTP headers {}
D, [2017-12-22T12:20:02.580215 #10724] DEBUG -- : REQUESTING PAGE: GET /Tablero with {} and HTTP headers {}
D, [2017-12-22T12:20:02.601214 #10724] DEBUG -- : REQUESTING PAGE: POST /marcar1 with {} and HTTP headers {"HTTP_REFERER"=>"/Tablero"}
D, [2017-12-22T12:20:02.635245 #10724] DEBUG -- : REQUESTING PAGE: GET /Tablero with {} and HTTP headers {}
D, [2017-12-22T12:20:02.658586 #10724] DEBUG -- : REQUESTING PAGE: POST /marcar1 with {} and HTTP headers {"HTTP_REFERER"=>"/Tablero"}
D, [2017-12-22T12:20:02.738401 #10724] DEBUG -- : REQUESTING PAGE: GET /Tablero with {} and HTTP headers {}
D, [2017-12-22T12:20:02.778264 #10724] DEBUG -- : REQUESTING PAGE: GET /Tablero with {} and HTTP headers {}
D, [2017-12-22T12:20:02.823673 #10724] DEBUG -- : REQUESTING PAGE: GET /Tablero with {} and HTTP headers {}
D, [2017-12-22T12:20:02.863772 #10724] DEBUG -- : REQUESTING PAGE: GET /Tablero with {} and HTTP headers {}
D, [2017-12-22T12:20:02.912851 #10724] DEBUG -- : REQUESTING PAGE: GET /Tablero with {} and HTTP headers {}
D, [2017-12-22T12:20:02.952884 #10724] DEBUG -- : REQUESTING PAGE: GET /Tablero with {} and HTTP headers {}
D, [2017-12-22T12:20:02.987881 #10724] DEBUG -- : REQUESTING PAGE: GET /Tablero with {} and HTTP headers {}
D, [2017-12-22T12:20:03.032916 #10724] DEBUG -- : REQUESTING PAGE: GET /Tablero with {} and HTTP headers {}
D, [2017-12-22T12:20:03.070473 #10724] DEBUG -- : REQUESTING PAGE: GET /Tablero with {} and HTTP headers {}
D, [2017-12-22T12:24:05.168199 #12248] DEBUG -- : REQUESTING PAGE: GET /Tablero with {} and HTTP headers {}
D, [2017-12-22T12:24:05.287601 #12248] DEBUG -- : REQUESTING PAGE: GET /Tablero with {} and HTTP headers {}
D, [2017-12-22T12:24:05.313601 #12248] DEBUG -- : REQUESTING PAGE: POST /marcar1 with {} and HTTP headers {"HTTP_REFERER"=>"/Tablero"}
D, [2017-12-22T12:24:05.348607 #12248] DEBUG -- : REQUESTING PAGE: GET /Tablero with {} and HTTP headers {}
D, [2017-12-22T12:24:05.369601 #12248] DEBUG -- : REQUESTING PAGE: POST /marcar1 with {} and HTTP headers {"HTTP_REFERER"=>"/Tablero"}
D, [2017-12-22T12:24:05.424600 #12248] DEBUG -- : REQUESTING PAGE: GET /Tablero with {} and HTTP headers {}
D, [2017-12-22T12:24:05.453601 #12248] DEBUG -- : REQUESTING PAGE: GET /Tablero with {} and HTTP headers {}
D, [2017-12-22T12:24:05.488634 #12248] DEBUG -- : REQUESTING PAGE: GET /Tablero with {} and HTTP headers {}
D, [2017-12-22T12:24:05.523603 #12248] DEBUG -- : REQUESTING PAGE: GET /Tablero with {} and HTTP headers {}
D, [2017-12-22T12:24:05.559600 #12248] DEBUG -- : REQUESTING PAGE: GET /Tablero with {} and HTTP headers {}
D, [2017-12-22T12:24:05.592612 #12248] DEBUG -- : REQUESTING PAGE: GET /Tablero with {} and HTTP headers {}
D, [2017-12-22T12:24:05.626763 #12248] DEBUG -- : REQUESTING PAGE: GET /Tablero with {} and HTTP headers {}
D, [2017-12-22T12:24:05.662763 #12248] DEBUG -- : REQUESTING PAGE: GET /Tablero with {} and HTTP headers {}
D, [2017-12-22T12:24:05.697764 #12248] DEBUG -- : REQUESTING PAGE: GET /Tablero with {} and HTTP headers {}
D, [2017-12-22T12:24:27.340510 #3720] DEBUG -- : REQUESTING PAGE: GET /Tablero with {} and HTTP headers {}
D, [2017-12-22T12:24:27.478919 #3720] DEBUG -- : REQUESTING PAGE: GET /Tablero with {} and HTTP headers {}
D, [2017-12-22T12:24:27.507152 #3720] DEBUG -- : REQUESTING PAGE: POST /marcar1 with {} and HTTP headers {"HTTP_REFERER"=>"/Tablero"}
D, [2017-12-22T12:24:27.542619 #3720] DEBUG -- : REQUESTING PAGE: GET /Tablero with {} and HTTP headers {}
D, [2017-12-22T12:24:27.568768 #3720] DEBUG -- : REQUESTING PAGE: POST /marcar1 with {} and HTTP headers {"HTTP_REFERER"=>"/Tablero"}
D, [2017-12-22T12:24:27.633399 #3720] DEBUG -- : REQUESTING PAGE: GET /Tablero with {} and HTTP headers {}
D, [2017-12-22T12:24:27.665379 #3720] DEBUG -- : REQUESTING PAGE: GET /Tablero with {} and HTTP headers {}
D, [2017-12-22T12:24:27.700338 #3720] DEBUG -- : REQUESTING PAGE: GET /Tablero with {} and HTTP headers {}
D, [2017-12-22T12:24:27.730455 #3720] DEBUG -- : REQUESTING PAGE: GET /Tablero with {} and HTTP headers {}
D, [2017-12-22T12:24:27.767895 #3720] DEBUG -- : REQUESTING PAGE: GET /Tablero with {} and HTTP headers {}
D, [2017-12-22T12:24:27.802978 #3720] DEBUG -- : REQUESTING PAGE: GET /Tablero with {} and HTTP headers {}
D, [2017-12-22T12:24:27.835977 #3720] DEBUG -- : REQUESTING PAGE: GET /Tablero with {} and HTTP headers {}
D, [2017-12-22T12:24:27.869205 #3720] DEBUG -- : REQUESTING PAGE: GET /Tablero with {} and HTTP headers {}
D, [2017-12-22T12:24:27.900205 #3720] DEBUG -- : REQUESTING PAGE: GET /Tablero with {} and HTTP headers {}
D, [2017-12-22T12:28:30.838925 #7616] DEBUG -- : REQUESTING PAGE: GET /Tablero with {} and HTTP headers {}
D, [2017-12-22T12:28:30.991723 #7616] DEBUG -- : REQUESTING PAGE: GET /Tablero with {} and HTTP headers {}
D, [2017-12-22T12:28:31.005709 #7616] DEBUG -- : REQUESTING PAGE: POST /marcar1 with {} and HTTP headers {"HTTP_REFERER"=>"/Tablero"}
D, [2017-12-22T12:28:31.035708 #7616] DEBUG -- : REQUESTING PAGE: GET /Tablero with {} and HTTP headers {}
D, [2017-12-22T12:28:31.056723 #7616] DEBUG -- : REQUESTING PAGE: POST /marcar1 with {} and HTTP headers {"HTTP_REFERER"=>"/Tablero"}
D, [2017-12-22T12:28:31.066714 #7616] DEBUG -- : REQUESTING PAGE: POST /marcar2 with {} and HTTP headers {"HTTP_REFERER"=>"/marcar1"}
D, [2017-12-22T12:28:31.098731 #7616] DEBUG -- : REQUESTING PAGE: GET /Tablero with {} and HTTP headers {}
D, [2017-12-22T12:28:31.128713 #7616] DEBUG -- : REQUESTING PAGE: GET /Tablero with {} and HTTP headers {}
D, [2017-12-22T12:28:31.158681 #7616] DEBUG -- : REQUESTING PAGE: GET /Tablero with {} and HTTP headers {}
D, [2017-12-22T12:28:31.190726 #7616] DEBUG -- : REQUESTING PAGE: GET /Tablero with {} and HTTP headers {}
D, [2017-12-22T12:28:31.226722 #7616] DEBUG -- : REQUESTING PAGE: GET /Tablero with {} and HTTP headers {}
D, [2017-12-22T12:28:31.257681 #7616] DEBUG -- : REQUESTING PAGE: GET /Tablero with {} and HTTP headers {}
D, [2017-12-22T12:28:31.290715 #7616] DEBUG -- : REQUESTING PAGE: GET /Tablero with {} and HTTP headers {}
D, [2017-12-22T12:28:31.321713 #7616] DEBUG -- : REQUESTING PAGE: GET /Tablero with {} and HTTP headers {}
D, [2017-12-22T12:28:31.347708 #7616] DEBUG -- : REQUESTING PAGE: GET /Tablero with {} and HTTP headers {}
D, [2017-12-22T12:34:01.315107 #3148] DEBUG -- : REQUESTING PAGE: GET /Tablero with {} and HTTP headers {}
D, [2017-12-22T12:34:01.437047 #3148] DEBUG -- : REQUESTING PAGE: GET /Tablero with {} and HTTP headers {}
D, [2017-12-22T12:34:01.456539 #3148] DEBUG -- : REQUESTING PAGE: POST /marcar1 with {} and HTTP headers {"HTTP_REFERER"=>"/Tablero"}
D, [2017-12-22T12:34:01.487539 #3148] DEBUG -- : REQUESTING PAGE: GET /Tablero with {} and HTTP headers {}
D, [2017-12-22T12:34:01.510828 #3148] DEBUG -- : REQUESTING PAGE: POST /marcar1 with {} and HTTP headers {"HTTP_REFERER"=>"/Tablero"}
D, [2017-12-22T12:34:01.522829 #3148] DEBUG -- : REQUESTING PAGE: POST /marcar2 with {} and HTTP headers {"HTTP_REFERER"=>"/marcar1"}
D, [2017-12-22T12:34:01.561844 #3148] DEBUG -- : REQUESTING PAGE: GET /Tablero with {} and HTTP headers {}
D, [2017-12-22T12:34:01.584022 #3148] DEBUG -- : REQUESTING PAGE: POST /marcar1 with {} and HTTP headers {"HTTP_REFERER"=>"/Tablero"}
D, [2017-12-22T12:34:01.605051 #3148] DEBUG -- : REQUESTING PAGE: POST /marcar4 with {} and HTTP headers {"HTTP_REFERER"=>"/marcar1"}
D, [2017-12-22T12:34:01.619298 #3148] DEBUG -- : REQUESTING PAGE: POST /marcar2 with {} and HTTP headers {"HTTP_REFERER"=>"/marcar4"}
D, [2017-12-22T12:34:01.635307 #3148] DEBUG -- : REQUESTING PAGE: POST /marcar5 with {} and HTTP headers {"HTTP_REFERER"=>"/marcar2"}
D, [2017-12-22T12:34:01.648050 #3148] DEBUG -- : REQUESTING PAGE: POST /marcar3 with {} and HTTP headers {"HTTP_REFERER"=>"/marcar5"}
D, [2017-12-22T12:34:01.852882 #3148] DEBUG -- : REQUESTING PAGE: GET /Tablero with {} and HTTP headers {}
D, [2017-12-22T12:34:01.889999 #3148] DEBUG -- : REQUESTING PAGE: GET /Tablero with {} and HTTP headers {}
D, [2017-12-22T12:34:01.925948 #3148] DEBUG -- : REQUESTING PAGE: GET /Tablero with {} and HTTP headers {}
D, [2017-12-22T12:34:01.967880 #3148] DEBUG -- : REQUESTING PAGE: GET /Tablero with {} and HTTP headers {}
D, [2017-12-22T12:34:01.999675 #3148] DEBUG -- : REQUESTING PAGE: GET /Tablero with {} and HTTP headers {}
D, [2017-12-22T12:34:02.032734 #3148] DEBUG -- : REQUESTING PAGE: GET /Tablero with {} and HTTP headers {}
D, [2017-12-22T12:34:02.067763 #3148] DEBUG -- : REQUESTING PAGE: GET /Tablero with {} and HTTP headers {}
D, [2017-12-22T12:34:02.102772 #3148] DEBUG -- : REQUESTING PAGE: GET /Tablero with {} and HTTP headers {}
D, [2017-12-22T12:34:02.114169 #3148] DEBUG -- : REQUESTING PAGE: GET /Tablero with {} and HTTP headers {}
D, [2017-12-22T12:36:15.778551 #2184] DEBUG -- : REQUESTING PAGE: GET /Tablero with {} and HTTP headers {}
D, [2017-12-22T12:36:15.931514 #2184] DEBUG -- : REQUESTING PAGE: GET /Tablero with {} and HTTP headers {}
D, [2017-12-22T12:36:15.955501 #2184] DEBUG -- : REQUESTING PAGE: POST /marcar1 with {} and HTTP headers {"HTTP_REFERER"=>"/Tablero"}
D, [2017-12-22T12:36:15.994850 #2184] DEBUG -- : REQUESTING PAGE: GET /Tablero with {} and HTTP headers {}
D, [2017-12-22T12:36:16.011853 #2184] DEBUG -- : REQUESTING PAGE: POST /marcar1 with {} and HTTP headers {"HTTP_REFERER"=>"/Tablero"}
D, [2017-12-22T12:36:16.029853 #2184] DEBUG -- : REQUESTING PAGE: POST /marcar2 with {} and HTTP headers {"HTTP_REFERER"=>"/marcar1"}
D, [2017-12-22T12:36:16.066996 #2184] DEBUG -- : REQUESTING PAGE: GET /Tablero with {} and HTTP headers {}
D, [2017-12-22T12:36:16.095002 #2184] DEBUG -- : REQUESTING PAGE: POST /marcar1 with {} and HTTP headers {"HTTP_REFERER"=>"/Tablero"}
D, [2017-12-22T12:36:16.115032 #2184] DEBUG -- : REQUESTING PAGE: POST /marcar4 with {} and HTTP headers {"HTTP_REFERER"=>"/marcar1"}
D, [2017-12-22T12:36:16.126684 #2184] DEBUG -- : REQUESTING PAGE: POST /marcar2 with {} and HTTP headers {"HTTP_REFERER"=>"/marcar4"}
D, [2017-12-22T12:36:16.134127 #2184] DEBUG -- : REQUESTING PAGE: POST /marcar5 with {} and HTTP headers {"HTTP_REFERER"=>"/marcar2"}
D, [2017-12-22T12:36:16.151505 #2184] DEBUG -- : REQUESTING PAGE: POST /marcar3 with {} and HTTP headers {"HTTP_REFERER"=>"/marcar5"}
D, [2017-12-22T12:36:16.192860 #2184] DEBUG -- : REQUESTING PAGE: GET /Tablero with {} and HTTP headers {}
D, [2017-12-22T12:36:16.226596 #2184] DEBUG -- : REQUESTING PAGE: GET /Tablero with {} and HTTP headers {}
D, [2017-12-22T12:36:16.265588 #2184] DEBUG -- : REQUESTING PAGE: GET /Tablero with {} and HTTP headers {}
D, [2017-12-22T12:36:16.300321 #2184] DEBUG -- : REQUESTING PAGE: GET /Tablero with {} and HTTP headers {}
D, [2017-12-22T12:36:16.343684 #2184] DEBUG -- : REQUESTING PAGE: GET /Tablero with {} and HTTP headers {}
D, [2017-12-22T12:36:16.375053 #2184] DEBUG -- : REQUESTING PAGE: GET /Tablero with {} and HTTP headers {}
D, [2017-12-22T12:36:16.421481 #2184] DEBUG -- : REQUESTING PAGE: GET /Tablero with {} and HTTP headers {}
D, [2017-12-22T12:36:16.471563 #2184] DEBUG -- : REQUESTING PAGE: GET /Tablero with {} and HTTP headers {}
D, [2017-12-22T12:36:16.505865 #2184] DEBUG -- : REQUESTING PAGE: GET /Tablero with {} and HTTP headers {}
D, [2017-12-22T12:41:14.777317 #3016] DEBUG -- : REQUESTING PAGE: GET /Tablero with {} and HTTP headers {}
D, [2017-12-22T12:41:14.967317 #3016] DEBUG -- : REQUESTING PAGE: GET /Tablero with {} and HTTP headers {}
D, [2017-12-22T12:41:14.999323 #3016] DEBUG -- : REQUESTING PAGE: POST /marcar1 with {} and HTTP headers {"HTTP_REFERER"=>"/Tablero"}
D, [2017-12-22T12:41:15.039350 #3016] DEBUG -- : REQUESTING PAGE: GET /Tablero with {} and HTTP headers {}
D, [2017-12-22T12:41:15.065336 #3016] DEBUG -- : REQUESTING PAGE: POST /marcar1 with {} and HTTP headers {"HTTP_REFERER"=>"/Tablero"}
D, [2017-12-22T12:41:15.086109 #3016] DEBUG -- : REQUESTING PAGE: POST /marcar2 with {} and HTTP headers {"HTTP_REFERER"=>"/marcar1"}
D, [2017-12-22T12:41:15.144108 #3016] DEBUG -- : REQUESTING PAGE: GET /Tablero with {} and HTTP headers {}
D, [2017-12-22T12:41:15.171149 #3016] DEBUG -- : REQUESTING PAGE: POST /marcar1 with {} and HTTP headers {"HTTP_REFERER"=>"/Tablero"}
D, [2017-12-22T12:41:15.190114 #3016] DEBUG -- : REQUESTING PAGE: POST /marcar4 with {} and HTTP headers {"HTTP_REFERER"=>"/marcar1"}
D, [2017-12-22T12:41:15.220720 #3016] DEBUG -- : REQUESTING PAGE: POST /marcar2 with {} and HTTP headers {"HTTP_REFERER"=>"/marcar4"}
D, [2017-12-22T12:41:15.246719 #3016] DEBUG -- : REQUESTING PAGE: POST /marcar5 with {} and HTTP headers {"HTTP_REFERER"=>"/marcar2"}
D, [2017-12-22T12:41:15.261223 #3016] DEBUG -- : REQUESTING PAGE: POST /marcar3 with {} and HTTP headers {"HTTP_REFERER"=>"/marcar5"}
D, [2017-12-22T12:41:15.310741 #3016] DEBUG -- : REQUESTING PAGE: GET /Tablero with {} and HTTP headers {}
D, [2017-12-22T12:41:15.359474 #3016] DEBUG -- : REQUESTING PAGE: GET /Tablero with {} and HTTP headers {}
D, [2017-12-22T12:41:15.413272 #3016] DEBUG -- : REQUESTING PAGE: GET /Tablero with {} and HTTP headers {}
D, [2017-12-22T12:41:15.453264 #3016] DEBUG -- : REQUESTING PAGE: GET /Tablero with {} and HTTP headers {}
D, [2017-12-22T12:41:15.494481 #3016] DEBUG -- : REQUESTING PAGE: GET /Tablero with {} and HTTP headers {}
D, [2017-12-22T12:41:15.530358 #3016] DEBUG -- : REQUESTING PAGE: GET /Tablero with {} and HTTP headers {}
D, [2017-12-22T12:41:15.572530 #3016] DEBUG -- : REQUESTING PAGE: GET /Tablero with {} and HTTP headers {}
D, [2017-12-22T12:41:15.610840 #3016] DEBUG -- : REQUESTING PAGE: GET /Tablero with {} and HTTP headers {}
D, [2017-12-22T12:41:15.645505 #3016] DEBUG -- : REQUESTING PAGE: GET /Tablero with {} and HTTP headers {}
D, [2017-12-22T12:42:52.999266 #10544] DEBUG -- : REQUESTING PAGE: GET /Tablero with {} and HTTP headers {}
D, [2017-12-22T12:43:48.016067 #1764] DEBUG -- : REQUESTING PAGE: GET /Tablero with {} and HTTP headers {}
D, [2017-12-22T12:46:27.771056 #3012] DEBUG -- : REQUESTING PAGE: GET /Tablero with {} and HTTP headers {}
D, [2017-12-22T14:31:28.688051 #4484] DEBUG -- : REQUESTING PAGE: GET /Tablero with {} and HTTP headers {}
D, [2017-12-22T14:31:28.871030 #4484] DEBUG -- : REQUESTING PAGE: GET /Tablero with {} and HTTP headers {}
D, [2017-12-22T14:31:28.950802 #4484] DEBUG -- : REQUESTING PAGE: GET /Tablero with {} and HTTP headers {}
D, [2017-12-22T14:31:29.053844 #4484] DEBUG -- : REQUESTING PAGE: GET /Tablero with {} and HTTP headers {}
D, [2017-12-22T14:31:29.207713 #4484] DEBUG -- : REQUESTING PAGE: GET /Tablero with {} and HTTP headers {}
D, [2017-12-22T14:31:29.260300 #4484] DEBUG -- : REQUESTING PAGE: GET /Tablero with {} and HTTP headers {}
D, [2017-12-22T14:31:29.309592 #4484] DEBUG -- : REQUESTING PAGE: GET /Tablero with {} and HTTP headers {}
D, [2017-12-22T14:31:29.348933 #4484] DEBUG -- : REQUESTING PAGE: GET /Tablero with {} and HTTP headers {}
D, [2017-12-22T14:31:29.394531 #4484] DEBUG -- : REQUESTING PAGE: GET /Tablero with {} and HTTP headers {}
D, [2017-12-22T14:31:29.451908 #4484] DEBUG -- : REQUESTING PAGE: GET /Tablero with {} and HTTP headers {}
D, [2017-12-22T14:31:29.507677 #4484] DEBUG -- : REQUESTING PAGE: GET /Tablero with {} and HTTP headers {}
D, [2017-12-22T14:31:29.557037 #4484] DEBUG -- : REQUESTING PAGE: GET /Tablero with {} and HTTP headers {}
D, [2017-12-22T14:31:29.605034 #4484] DEBUG -- : REQUESTING PAGE: GET /Tablero with {} and HTTP headers {}
D, [2017-12-22T14:33:31.958663 #11252] DEBUG -- : REQUESTING PAGE: GET /Tablero with {} and HTTP headers {}
D, [2017-12-22T14:33:32.113461 #11252] DEBUG -- : REQUESTING PAGE: GET /Tablero with {} and HTTP headers {}
D, [2017-12-22T14:33:32.199475 #11252] DEBUG -- : REQUESTING PAGE: GET /Tablero with {} and HTTP headers {}
D, [2017-12-22T14:33:32.310538 #11252] DEBUG -- : REQUESTING PAGE: GET /Tablero with {} and HTTP headers {}
D, [2017-12-22T14:33:32.449317 #11252] DEBUG -- : REQUESTING PAGE: GET /Tablero with {} and HTTP headers {}
D, [2017-12-22T14:33:32.496276 #11252] DEBUG -- : REQUESTING PAGE: GET /Tablero with {} and HTTP headers {}
D, [2017-12-22T14:33:32.542783 #11252] DEBUG -- : REQUESTING PAGE: GET /Tablero with {} and HTTP headers {}
D, [2017-12-22T14:33:32.588197 #11252] DEBUG -- : REQUESTING PAGE: GET /Tablero with {} and HTTP headers {}
D, [2017-12-22T14:33:32.633182 #11252] DEBUG -- : REQUESTING PAGE: GET /Tablero with {} and HTTP headers {}
D, [2017-12-22T14:33:32.675802 #11252] DEBUG -- : REQUESTING PAGE: GET /Tablero with {} and HTTP headers {}
D, [2017-12-22T14:33:32.720775 #11252] DEBUG -- : REQUESTING PAGE: GET /Tablero with {} and HTTP headers {}
D, [2017-12-22T14:33:32.761159 #11252] DEBUG -- : REQUESTING PAGE: GET /Tablero with {} and HTTP headers {}
D, [2017-12-22T14:33:32.806554 #11252] DEBUG -- : REQUESTING PAGE: GET /Tablero with {} and HTTP headers {}
D, [2017-12-22T15:19:45.750310 #1956] DEBUG -- : REQUESTING PAGE: GET /Tablero with {} and HTTP headers {}
D, [2017-12-22T15:19:45.919921 #1956] DEBUG -- : REQUESTING PAGE: GET /Tablero with {} and HTTP headers {}
D, [2017-12-22T15:19:45.938920 #1956] DEBUG -- : REQUESTING PAGE: POST /marcar1 with {} and HTTP headers {"HTTP_REFERER"=>"/Tablero"}
D, [2017-12-22T15:19:45.972862 #1956] DEBUG -- : REQUESTING PAGE: GET /Tablero with {} and HTTP headers {}
D, [2017-12-22T15:19:45.995853 #1956] DEBUG -- : REQUESTING PAGE: POST /marcar1 with {} and HTTP headers {"HTTP_REFERER"=>"/Tablero"}
D, [2017-12-22T15:19:46.010851 #1956] DEBUG -- : REQUESTING PAGE: POST /marcar2 with {} and HTTP headers {"HTTP_REFERER"=>"/marcar1"}
D, [2017-12-22T15:19:46.046565 #1956] DEBUG -- : REQUESTING PAGE: GET /Tablero with {} and HTTP headers {}
D, [2017-12-22T15:19:46.076943 #1956] DEBUG -- : REQUESTING PAGE: POST /marcar1 with {} and HTTP headers {"HTTP_REFERER"=>"/Tablero"}
D, [2017-12-22T15:19:46.094002 #1956] DEBUG -- : REQUESTING PAGE: POST /marcar4 with {} and HTTP headers {"HTTP_REFERER"=>"/marcar1"}
D, [2017-12-22T15:19:46.110068 #1956] DEBUG -- : REQUESTING PAGE: POST /marcar2 with {} and HTTP headers {"HTTP_REFERER"=>"/marcar4"}
D, [2017-12-22T15:19:46.128721 #1956] DEBUG -- : REQUESTING PAGE: POST /marcar5 with {} and HTTP headers {"HTTP_REFERER"=>"/marcar2"}
D, [2017-12-22T15:19:46.143720 #1956] DEBUG -- : REQUESTING PAGE: POST /marcar3 with {} and HTTP headers {"HTTP_REFERER"=>"/marcar5"}
D, [2017-12-22T15:19:46.179060 #1956] DEBUG -- : REQUESTING PAGE: GET /Tablero with {} and HTTP headers {}
D, [2017-12-22T15:19:46.219013 #1956] DEBUG -- : REQUESTING PAGE: GET /Tablero with {} and HTTP headers {}
D, [2017-12-22T15:19:46.254635 #1956] DEBUG -- : REQUESTING PAGE: GET /Tablero with {} and HTTP headers {}
D, [2017-12-22T15:19:46.289249 #1956] DEBUG -- : REQUESTING PAGE: GET /Tablero with {} and HTTP headers {}
D, [2017-12-22T15:19:46.324729 #1956] DEBUG -- : REQUESTING PAGE: GET /Tablero with {} and HTTP headers {}
D, [2017-12-22T15:19:46.358504 #1956] DEBUG -- : REQUESTING PAGE: GET /Tablero with {} and HTTP headers {}
D, [2017-12-22T15:19:46.397504 #1956] DEBUG -- : REQUESTING PAGE: GET /Tablero with {} and HTTP headers {}
D, [2017-12-22T15:19:46.435510 #1956] DEBUG -- : REQUESTING PAGE: GET /Tablero with {} and HTTP headers {}
D, [2017-12-22T15:19:46.472227 #1956] DEBUG -- : REQUESTING PAGE: GET /Tablero with {} and HTTP headers {}
D, [2017-12-26T09:01:32.673555 #5856] DEBUG -- : REQUESTING PAGE: GET /Tablero with {} and HTTP headers {}
D, [2017-12-26T09:01:32.896580 #5856] DEBUG -- : REQUESTING PAGE: GET /Tablero with {} and HTTP headers {}
D, [2017-12-26T09:01:32.927339 #5856] DEBUG -- : REQUESTING PAGE: POST /marcar1 with {} and HTTP headers {"HTTP_REFERER"=>"/Tablero"}
D, [2017-12-26T09:01:32.995465 #5856] DEBUG -- : REQUESTING PAGE: GET /Tablero with {} and HTTP headers {}
D, [2017-12-26T09:01:33.027470 #5856] DEBUG -- : REQUESTING PAGE: POST /marcar1 with {} and HTTP headers {"HTTP_REFERER"=>"/Tablero"}
D, [2017-12-26T09:01:33.048468 #5856] DEBUG -- : REQUESTING PAGE: POST /marcar2 with {} and HTTP headers {"HTTP_REFERER"=>"/marcar1"}
D, [2017-12-26T09:01:33.106491 #5856] DEBUG -- : REQUESTING PAGE: GET /Tablero with {} and HTTP headers {}
D, [2017-12-26T09:01:33.146497 #5856] DEBUG -- : REQUESTING PAGE: POST /marcar1 with {} and HTTP headers {"HTTP_REFERER"=>"/Tablero"}
D, [2017-12-26T09:01:33.171510 #5856] DEBUG -- : REQUESTING PAGE: POST /marcar4 with {} and HTTP headers {"HTTP_REFERER"=>"/marcar1"}
D, [2017-12-26T09:01:33.190493 #5856] DEBUG -- : REQUESTING PAGE: POST /marcar2 with {} and HTTP headers {"HTTP_REFERER"=>"/marcar4"}
D, [2017-12-26T09:01:33.218490 #5856] DEBUG -- : REQUESTING PAGE: POST /marcar5 with {} and HTTP headers {"HTTP_REFERER"=>"/marcar2"}
D, [2017-12-26T09:01:33.282565 #5856] DEBUG -- : REQUESTING PAGE: POST /marcar3 with {} and HTTP headers {"HTTP_REFERER"=>"/marcar5"}
D, [2017-12-26T09:01:33.323581 #5856] DEBUG -- : REQUESTING PAGE: GET /Tablero with {} and HTTP headers {}
D, [2017-12-26T09:01:33.373561 #5856] DEBUG -- : REQUESTING PAGE: GET /Tablero with {} and HTTP headers {}
D, [2017-12-26T09:01:33.416566 #5856] DEBUG -- : REQUESTING PAGE: GET /Tablero with {} and HTTP headers {}
D, [2017-12-26T09:01:33.488533 #5856] DEBUG -- : REQUESTING PAGE: GET /Tablero with {} and HTTP headers {}
D, [2017-12-26T09:01:33.546595 #5856] DEBUG -- : REQUESTING PAGE: GET /Tablero with {} and HTTP headers {}
D, [2017-12-26T09:01:33.617517 #5856] DEBUG -- : REQUESTING PAGE: GET /Tablero with {} and HTTP headers {}
D, [2017-12-26T09:01:33.661516 #5856] DEBUG -- : REQUESTING PAGE: GET /Tablero with {} and HTTP headers {}
D, [2017-12-26T09:01:33.718539 #5856] DEBUG -- : REQUESTING PAGE: GET /Tablero with {} and HTTP headers {}
D, [2017-12-26T09:01:33.776532 #5856] DEBUG -- : REQUESTING PAGE: GET /Tablero with {} and HTTP headers {}
D, [2017-12-26T09:01:33.851550 #5856] DEBUG -- : REQUESTING PAGE: GET /Tablero with {} and HTTP headers {}
D, [2017-12-26T09:19:08.667164 #420] DEBUG -- : REQUESTING PAGE: GET /Tablero with {} and HTTP headers {}
D, [2017-12-26T09:19:08.824730 #420] DEBUG -- : REQUESTING PAGE: GET /Tablero with {} and HTTP headers {}
D, [2017-12-26T09:19:08.858703 #420] DEBUG -- : REQUESTING PAGE: POST /marcar1 with {} and HTTP headers {"HTTP_REFERER"=>"/Tablero"}
D, [2017-12-26T09:19:08.913683 #420] DEBUG -- : REQUESTING PAGE: GET /Tablero with {} and HTTP headers {}
D, [2017-12-26T09:19:08.950696 #420] DEBUG -- : REQUESTING PAGE: POST /marcar1 with {} and HTTP headers {"HTTP_REFERER"=>"/Tablero"}
D, [2017-12-26T09:19:08.972688 #420] DEBUG -- : REQUESTING PAGE: POST /marcar2 with {} and HTTP headers {"HTTP_REFERER"=>"/marcar1"}
D, [2017-12-26T09:19:09.018679 #420] DEBUG -- : REQUESTING PAGE: GET /Tablero with {} and HTTP headers {}
D, [2017-12-26T09:19:09.045727 #420] DEBUG -- : REQUESTING PAGE: POST /marcar1 with {} and HTTP headers {"HTTP_REFERER"=>"/Tablero"}
D, [2017-12-26T09:19:09.068671 #420] DEBUG -- : REQUESTING PAGE: POST /marcar4 with {} and HTTP headers {"HTTP_REFERER"=>"/marcar1"}
D, [2017-12-26T09:19:09.090688 #420] DEBUG -- : REQUESTING PAGE: POST /marcar2 with {} and HTTP headers {"HTTP_REFERER"=>"/marcar4"}
D, [2017-12-26T09:19:09.120684 #420] DEBUG -- : REQUESTING PAGE: POST /marcar5 with {} and HTTP headers {"HTTP_REFERER"=>"/marcar2"}
D, [2017-12-26T09:19:09.137671 #420] DEBUG -- : REQUESTING PAGE: POST /marcar3 with {} and HTTP headers {"HTTP_REFERER"=>"/marcar5"}
D, [2017-12-26T09:19:09.182684 #420] DEBUG -- : REQUESTING PAGE: GET /Tablero with {} and HTTP headers {}
D, [2017-12-26T09:19:09.227712 #420] DEBUG -- : REQUESTING PAGE: GET /Tablero with {} and HTTP headers {}
D, [2017-12-26T09:19:09.271673 #420] DEBUG -- : REQUESTING PAGE: GET /Tablero with {} and HTTP headers {}
D, [2017-12-26T09:19:09.322712 #420] DEBUG -- : REQUESTING PAGE: GET /Tablero with {} and HTTP headers {}
D, [2017-12-26T09:19:09.367700 #420] DEBUG -- : REQUESTING PAGE: GET /Tablero with {} and HTTP headers {}
D, [2017-12-26T09:19:09.403670 #420] DEBUG -- : REQUESTING PAGE: GET /Tablero with {} and HTTP headers {}
D, [2017-12-26T09:19:09.458673 #420] DEBUG -- : REQUESTING PAGE: GET /Tablero with {} and HTTP headers {}
D, [2017-12-26T09:19:09.517675 #420] DEBUG -- : REQUESTING PAGE: GET /Tablero with {} and HTTP headers {}
D, [2017-12-26T09:19:09.569699 #420] DEBUG -- : REQUESTING PAGE: GET /Tablero with {} and HTTP headers {}
D, [2017-12-26T09:19:09.646707 #420] DEBUG -- : REQUESTING PAGE: GET /Tablero with {} and HTTP headers {}
D, [2017-12-26T09:19:09.681671 #420] DEBUG -- : REQUESTING PAGE: GET /Tablero with {} and HTTP headers {"HTTP_REFERER"=>"/Tablero"}
D, [2017-12-26T09:21:53.501642 #5276] DEBUG -- : REQUESTING PAGE: GET /Tablero with {} and HTTP headers {}
D, [2017-12-26T09:21:53.677623 #5276] DEBUG -- : REQUESTING PAGE: GET /Tablero with {} and HTTP headers {}
D, [2017-12-26T09:21:53.704640 #5276] DEBUG -- : REQUESTING PAGE: POST /marcar1 with {} and HTTP headers {"HTTP_REFERER"=>"/Tablero"}
D, [2017-12-26T09:21:53.748604 #5276] DEBUG -- : REQUESTING PAGE: GET /Tablero with {} and HTTP headers {}
D, [2017-12-26T09:21:53.783340 #5276] DEBUG -- : REQUESTING PAGE: POST /marcar1 with {} and HTTP headers {"HTTP_REFERER"=>"/Tablero"}
D, [2017-12-26T09:21:53.800342 #5276] DEBUG -- : REQUESTING PAGE: POST /marcar2 with {} and HTTP headers {"HTTP_REFERER"=>"/marcar1"}
D, [2017-12-26T09:21:53.849341 #5276] DEBUG -- : REQUESTING PAGE: GET /Tablero with {} and HTTP headers {}
D, [2017-12-26T09:21:53.881340 #5276] DEBUG -- : REQUESTING PAGE: POST /marcar1 with {} and HTTP headers {"HTTP_REFERER"=>"/Tablero"}
D, [2017-12-26T09:21:53.903964 #5276] DEBUG -- : REQUESTING PAGE: POST /marcar4 with {} and HTTP headers {"HTTP_REFERER"=>"/marcar1"}
D, [2017-12-26T09:21:53.922914 #5276] DEBUG -- : REQUESTING PAGE: POST /marcar2 with {} and HTTP headers {"HTTP_REFERER"=>"/marcar4"}
D, [2017-12-26T09:21:53.951921 #5276] DEBUG -- : REQUESTING PAGE: POST /marcar5 with {} and HTTP headers {"HTTP_REFERER"=>"/marcar2"}
D, [2017-12-26T09:21:53.982918 #5276] DEBUG -- : REQUESTING PAGE: POST /marcar3 with {} and HTTP headers {"HTTP_REFERER"=>"/marcar5"}
D, [2017-12-26T09:21:54.034950 #5276] DEBUG -- : REQUESTING PAGE: GET /Tablero with {} and HTTP headers {}
D, [2017-12-26T09:21:54.079953 #5276] DEBUG -- : REQUESTING PAGE: GET /Tablero with {} and HTTP headers {}
D, [2017-12-26T09:21:54.130914 #5276] DEBUG -- : REQUESTING PAGE: GET /Tablero with {} and HTTP headers {}
D, [2017-12-26T09:21:54.171915 #5276] DEBUG -- : REQUESTING PAGE: GET /Tablero with {} and HTTP headers {}
D, [2017-12-26T09:21:54.216951 #5276] DEBUG -- : REQUESTING PAGE: GET /Tablero with {} and HTTP headers {}
D, [2017-12-26T09:21:54.265917 #5276] DEBUG -- : REQUESTING PAGE: GET /Tablero with {} and HTTP headers {}
D, [2017-12-26T09:21:54.315919 #5276] DEBUG -- : REQUESTING PAGE: GET /Tablero with {} and HTTP headers {}
D, [2017-12-26T09:21:54.353923 #5276] DEBUG -- : REQUESTING PAGE: GET /Tablero with {} and HTTP headers {}
D, [2017-12-26T09:21:54.399982 #5276] DEBUG -- : REQUESTING PAGE: GET /Tablero with {} and HTTP headers {}
D, [2017-12-26T09:21:54.468945 #5276] DEBUG -- : REQUESTING PAGE: GET /Tablero with {} and HTTP headers {}
D, [2017-12-26T09:21:54.500918 #5276] DEBUG -- : REQUESTING PAGE: GET /Tablero with {} and HTTP headers {"HTTP_REFERER"=>"/Tablero"}
D, [2017-12-26T09:21:54.545242 #5276] DEBUG -- : REQUESTING PAGE: GET /Tablero with {} and HTTP headers {}
D, [2017-12-26T09:21:54.577223 #5276] DEBUG -- : REQUESTING PAGE: GET /Tablero with {} and HTTP headers {"HTTP_REFERER"=>"/Tablero"}
D, [2017-12-26T09:29:18.024759 #11148] DEBUG -- : REQUESTING PAGE: GET /Tablero with {} and HTTP headers {}
D, [2017-12-26T09:29:18.201694 #11148] DEBUG -- : REQUESTING PAGE: GET /Tablero with {} and HTTP headers {}
D, [2017-12-26T09:29:18.229707 #11148] DEBUG -- : REQUESTING PAGE: POST /marcar1 with {} and HTTP headers {"HTTP_REFERER"=>"/Tablero"}
D, [2017-12-26T09:29:18.271694 #11148] DEBUG -- : REQUESTING PAGE: GET /Tablero with {} and HTTP headers {}
D, [2017-12-26T09:29:18.299698 #11148] DEBUG -- : REQUESTING PAGE: POST /marcar1 with {} and HTTP headers {"HTTP_REFERER"=>"/Tablero"}
D, [2017-12-26T09:29:18.321708 #11148] DEBUG -- : REQUESTING PAGE: POST /marcar2 with {} and HTTP headers {"HTTP_REFERER"=>"/marcar1"}
D, [2017-12-26T09:29:18.371699 #11148] DEBUG -- : REQUESTING PAGE: GET /Tablero with {} and HTTP headers {}
D, [2017-12-26T09:29:18.400694 #11148] DEBUG -- : REQUESTING PAGE: POST /marcar1 with {} and HTTP headers {"HTTP_REFERER"=>"/Tablero"}
D, [2017-12-26T09:29:18.422698 #11148] DEBUG -- : REQUESTING PAGE: POST /marcar4 with {} and HTTP headers {"HTTP_REFERER"=>"/marcar1"}
D, [2017-12-26T09:29:18.442724 #11148] DEBUG -- : REQUESTING PAGE: POST /marcar2 with {} and HTTP headers {"HTTP_REFERER"=>"/marcar4"}
D, [2017-12-26T09:29:18.466977 #11148] DEBUG -- : REQUESTING PAGE: POST /marcar5 with {} and HTTP headers {"HTTP_REFERER"=>"/marcar2"}
D, [2017-12-26T09:29:18.496975 #11148] DEBUG -- : REQUESTING PAGE: POST /marcar3 with {} and HTTP headers {"HTTP_REFERER"=>"/marcar5"}
D, [2017-12-26T09:29:18.545000 #11148] DEBUG -- : REQUESTING PAGE: GET /Tablero with {} and HTTP headers {}
D, [2017-12-26T09:29:18.604995 #11148] DEBUG -- : REQUESTING PAGE: GET /Tablero with {} and HTTP headers {}
D, [2017-12-26T09:29:18.656008 #11148] DEBUG -- : REQUESTING PAGE: GET /Tablero with {} and HTTP headers {}
D, [2017-12-26T09:29:18.715023 #11148] DEBUG -- : REQUESTING PAGE: GET /Tablero with {} and HTTP headers {}
D, [2017-12-26T09:29:18.769037 #11148] DEBUG -- : REQUESTING PAGE: GET /Tablero with {} and HTTP headers {}
D, [2017-12-26T09:29:18.825006 #11148] DEBUG -- : REQUESTING PAGE: GET /Tablero with {} and HTTP headers {}
D, [2017-12-26T09:29:18.888463 #11148] DEBUG -- : REQUESTING PAGE: GET /Tablero with {} and HTTP headers {}
D, [2017-12-26T09:29:18.945083 #11148] DEBUG -- : REQUESTING PAGE: GET /Tablero with {} and HTTP headers {}
D, [2017-12-26T09:29:18.998423 #11148] DEBUG -- : REQUESTING PAGE: GET /Tablero with {} and HTTP headers {}
D, [2017-12-26T09:29:19.066429 #11148] DEBUG -- : REQUESTING PAGE: GET /Tablero with {} and HTTP headers {}
D, [2017-12-26T09:29:19.115423 #11148] DEBUG -- : REQUESTING PAGE: GET /Tablero with {} and HTTP headers {"HTTP_REFERER"=>"/Tablero"}
D, [2017-12-26T09:29:19.161419 #11148] DEBUG -- : REQUESTING PAGE: GET /Tablero with {} and HTTP headers {}
D, [2017-12-26T09:29:19.210420 #11148] DEBUG -- : REQUESTING PAGE: GET /Tablero with {} and HTTP headers {"HTTP_REFERER"=>"/Tablero"}
D, [2017-12-26T09:29:19.374375 #11148] DEBUG -- : REQUESTING PAGE: GET /Tablero with {} and HTTP headers {}
D, [2017-12-26T09:34:08.464653 #4384] DEBUG -- : REQUESTING PAGE: GET /Tablero with {} and HTTP headers {}
D, [2017-12-26T09:34:08.630620 #4384] DEBUG -- : REQUESTING PAGE: GET /Tablero with {} and HTTP headers {}
D, [2017-12-26T09:34:08.659619 #4384] DEBUG -- : REQUESTING PAGE: POST /marcar1 with {} and HTTP headers {"HTTP_REFERER"=>"/Tablero"}
D, [2017-12-26T09:34:08.704640 #4384] DEBUG -- : REQUESTING PAGE: GET /Tablero with {} and HTTP headers {}
D, [2017-12-26T09:34:08.743621 #4384] DEBUG -- : REQUESTING PAGE: POST /marcar1 with {} and HTTP headers {"HTTP_REFERER"=>"/Tablero"}
D, [2017-12-26T09:34:08.764620 #4384] DEBUG -- : REQUESTING PAGE: POST /marcar2 with {} and HTTP headers {"HTTP_REFERER"=>"/marcar1"}
D, [2017-12-26T09:34:08.823620 #4384] DEBUG -- : REQUESTING PAGE: GET /Tablero with {} and HTTP headers {}
D, [2017-12-26T09:34:08.852620 #4384] DEBUG -- : REQUESTING PAGE: POST /marcar1 with {} and HTTP headers {"HTTP_REFERER"=>"/Tablero"}
D, [2017-12-26T09:34:08.877622 #4384] DEBUG -- : REQUESTING PAGE: POST /marcar4 with {} and HTTP headers {"HTTP_REFERER"=>"/marcar1"}
D, [2017-12-26T09:34:08.897654 #4384] DEBUG -- : REQUESTING PAGE: POST /marcar2 with {} and HTTP headers {"HTTP_REFERER"=>"/marcar4"}
D, [2017-12-26T09:34:08.926621 #4384] DEBUG -- : REQUESTING PAGE: POST /marcar5 with {} and HTTP headers {"HTTP_REFERER"=>"/marcar2"}
D, [2017-12-26T09:34:08.943626 #4384] DEBUG -- : REQUESTING PAGE: POST /marcar3 with {} and HTTP headers {"HTTP_REFERER"=>"/marcar5"}
D, [2017-12-26T09:34:09.004739 #4384] DEBUG -- : REQUESTING PAGE: GET /Tablero with {} and HTTP headers {}
D, [2017-12-26T09:34:09.051726 #4384] DEBUG -- : REQUESTING PAGE: GET /Tablero with {} and HTTP headers {}
D, [2017-12-26T09:34:09.098714 #4384] DEBUG -- : REQUESTING PAGE: GET /Tablero with {} and HTTP headers {}
D, [2017-12-26T09:34:09.146732 #4384] DEBUG -- : REQUESTING PAGE: GET /Tablero with {} and HTTP headers {}
D, [2017-12-26T09:34:09.201704 #4384] DEBUG -- : REQUESTING PAGE: GET /Tablero with {} and HTTP headers {}
D, [2017-12-26T09:34:09.250694 #4384] DEBUG -- : REQUESTING PAGE: GET /Tablero with {} and HTTP headers {}
D, [2017-12-26T09:34:09.301718 #4384] DEBUG -- : REQUESTING PAGE: GET /Tablero with {} and HTTP headers {}
D, [2017-12-26T09:34:09.354698 #4384] DEBUG -- : REQUESTING PAGE: GET /Tablero with {} and HTTP headers {}
D, [2017-12-26T09:34:09.414713 #4384] DEBUG -- : REQUESTING PAGE: GET /Tablero with {} and HTTP headers {}
D, [2017-12-26T09:34:09.472723 #4384] DEBUG -- : REQUESTING PAGE: GET /Tablero with {} and HTTP headers {}
D, [2017-12-26T09:34:09.504732 #4384] DEBUG -- : REQUESTING PAGE: GET /Tablero with {} and HTTP headers {"HTTP_REFERER"=>"/Tablero"}
D, [2017-12-26T09:34:09.545684 #4384] DEBUG -- : REQUESTING PAGE: GET /Tablero with {} and HTTP headers {}
D, [2017-12-26T09:34:09.583710 #4384] DEBUG -- : REQUESTING PAGE: GET /Tablero with {} and HTTP headers {"HTTP_REFERER"=>"/Tablero"}
D, [2017-12-26T09:34:09.756686 #4384] DEBUG -- : REQUESTING PAGE: GET /Tablero with {} and HTTP headers {}
D, [2017-12-26T09:34:09.788731 #4384] DEBUG -- : REQUESTING PAGE: GET / with {} and HTTP headers {"HTTP_REFERER"=>"/Tablero"}
D, [2017-12-26T09:36:42.102745 #4012] DEBUG -- : REQUESTING PAGE: GET /Tablero with {} and HTTP headers {}
D, [2017-12-26T09:36:42.276084 #4012] DEBUG -- : REQUESTING PAGE: GET /Tablero with {} and HTTP headers {}
D, [2017-12-26T09:36:42.301098 #4012] DEBUG -- : REQUESTING PAGE: POST /marcar1 with {} and HTTP headers {"HTTP_REFERER"=>"/Tablero"}
D, [2017-12-26T09:36:42.351122 #4012] DEBUG -- : REQUESTING PAGE: GET /Tablero with {} and HTTP headers {}
D, [2017-12-26T09:36:42.381084 #4012] DEBUG -- : REQUESTING PAGE: POST /marcar1 with {} and HTTP headers {"HTTP_REFERER"=>"/Tablero"}
D, [2017-12-26T09:36:42.398097 #4012] DEBUG -- : REQUESTING PAGE: POST /marcar2 with {} and HTTP headers {"HTTP_REFERER"=>"/marcar1"}
D, [2017-12-26T09:36:42.451075 #4012] DEBUG -- : REQUESTING PAGE: GET /Tablero with {} and HTTP headers {}
D, [2017-12-26T09:36:42.487100 #4012] DEBUG -- : REQUESTING PAGE: POST /marcar1 with {} and HTTP headers {"HTTP_REFERER"=>"/Tablero"}
D, [2017-12-26T09:36:42.505084 #4012] DEBUG -- : REQUESTING PAGE: POST /marcar4 with {} and HTTP headers {"HTTP_REFERER"=>"/marcar1"}
D, [2017-12-26T09:36:42.526105 #4012] DEBUG -- : REQUESTING PAGE: POST /marcar2 with {} and HTTP headers {"HTTP_REFERER"=>"/marcar4"}
D, [2017-12-26T09:36:42.550114 #4012] DEBUG -- : REQUESTING PAGE: POST /marcar5 with {} and HTTP headers {"HTTP_REFERER"=>"/marcar2"}
D, [2017-12-26T09:36:42.570096 #4012] DEBUG -- : REQUESTING PAGE: POST /marcar3 with {} and HTTP headers {"HTTP_REFERER"=>"/marcar5"}
D, [2017-12-26T09:36:42.633170 #4012] DEBUG -- : REQUESTING PAGE: GET /Tablero with {} and HTTP headers {}
D, [2017-12-26T09:36:42.694804 #4012] DEBUG -- : REQUESTING PAGE: GET /Tablero with {} and HTTP headers {}
D, [2017-12-26T09:36:42.752808 #4012] DEBUG -- : REQUESTING PAGE: GET /Tablero with {} and HTTP headers {}
D, [2017-12-26T09:36:42.798808 #4012] DEBUG -- : REQUESTING PAGE: GET /Tablero with {} and HTTP headers {}
D, [2017-12-26T09:36:42.851813 #4012] DEBUG -- : REQUESTING PAGE: GET /Tablero with {} and HTTP headers {}
D, [2017-12-26T09:36:42.898807 #4012] DEBUG -- : REQUESTING PAGE: GET /Tablero with {} and HTTP headers {}
D, [2017-12-26T09:36:42.943799 #4012] DEBUG -- : REQUESTING PAGE: GET /Tablero with {} and HTTP headers {}
D, [2017-12-26T09:36:43.001791 #4012] DEBUG -- : REQUESTING PAGE: GET /Tablero with {} and HTTP headers {}
D, [2017-12-26T09:36:43.055795 #4012] DEBUG -- : REQUESTING PAGE: GET /Tablero with {} and HTTP headers {}
D, [2017-12-26T09:36:43.122796 #4012] DEBUG -- : REQUESTING PAGE: GET /Tablero with {} and HTTP headers {}
D, [2017-12-26T09:36:43.164794 #4012] DEBUG -- : REQUESTING PAGE: GET /Tablero with {} and HTTP headers {"HTTP_REFERER"=>"/Tablero"}
D, [2017-12-26T09:36:43.215978 #4012] DEBUG -- : REQUESTING PAGE: GET /Tablero with {} and HTTP headers {}
D, [2017-12-26T09:36:43.258941 #4012] DEBUG -- : REQUESTING PAGE: GET /Tablero with {} and HTTP headers {"HTTP_REFERER"=>"/Tablero"}
D, [2017-12-26T09:36:43.421916 #4012] DEBUG -- : REQUESTING PAGE: GET /Tablero with {} and HTTP headers {}
D, [2017-12-26T09:36:43.459922 #4012] DEBUG -- : REQUESTING PAGE: GET / with {} and HTTP headers {"HTTP_REFERER"=>"/Tablero"}
D, [2017-12-27T21:04:25.953672 #10704] DEBUG -- : REQUESTING PAGE: GET /Tablero with {} and HTTP headers {}
D, [2017-12-27T21:04:26.232421 #10704] DEBUG -- : REQUESTING PAGE: GET /Tablero with {} and HTTP headers {}
D, [2017-12-27T21:04:26.260421 #10704] DEBUG -- : REQUESTING PAGE: POST /marcar1 with {} and HTTP headers {"HTTP_REFERER"=>"/Tablero"}
D, [2017-12-27T21:04:26.317425 #10704] DEBUG -- : REQUESTING PAGE: GET /Tablero with {} and HTTP headers {}
D, [2017-12-27T21:04:26.341515 #10704] DEBUG -- : REQUESTING PAGE: POST /marcar1 with {} and HTTP headers {"HTTP_REFERER"=>"/Tablero"}
D, [2017-12-27T21:04:26.363440 #10704] DEBUG -- : REQUESTING PAGE: POST /marcar2 with {} and HTTP headers {"HTTP_REFERER"=>"/marcar1"}
D, [2017-12-27T21:04:26.424420 #10704] DEBUG -- : REQUESTING PAGE: GET /Tablero with {} and HTTP headers {}
D, [2017-12-27T21:04:26.453421 #10704] DEBUG -- : REQUESTING PAGE: POST /marcar1 with {} and HTTP headers {"HTTP_REFERER"=>"/Tablero"}
D, [2017-12-27T21:04:26.475466 #10704] DEBUG -- : REQUESTING PAGE: POST /marcar4 with {} and HTTP headers {"HTTP_REFERER"=>"/marcar1"}
D, [2017-12-27T21:04:26.496491 #10704] DEBUG -- : REQUESTING PAGE: POST /marcar2 with {} and HTTP headers {"HTTP_REFERER"=>"/marcar4"}
D, [2017-12-27T21:04:26.517426 #10704] DEBUG -- : REQUESTING PAGE: POST /marcar5 with {} and HTTP headers {"HTTP_REFERER"=>"/marcar2"}
D, [2017-12-27T21:04:26.539452 #10704] DEBUG -- : REQUESTING PAGE: POST /marcar3 with {} and HTTP headers {"HTTP_REFERER"=>"/marcar5"}
D, [2017-12-27T21:04:26.579420 #10704] DEBUG -- : REQUESTING PAGE: GET /Tablero with {} and HTTP headers {}
D, [2017-12-27T21:04:26.627473 #10704] DEBUG -- : REQUESTING PAGE: GET /Tablero with {} and HTTP headers {}
D, [2017-12-27T21:04:26.668448 #10704] DEBUG -- : REQUESTING PAGE: GET /Tablero with {} and HTTP headers {}
D, [2017-12-27T21:04:26.708419 #10704] DEBUG -- : REQUESTING PAGE: GET /Tablero with {} and HTTP headers {}
D, [2017-12-27T21:04:26.756447 #10704] DEBUG -- : REQUESTING PAGE: GET /Tablero with {} and HTTP headers {}
D, [2017-12-27T21:04:26.798423 #10704] DEBUG -- : REQUESTING PAGE: GET /Tablero with {} and HTTP headers {}
D, [2017-12-27T21:04:26.857491 #10704] DEBUG -- : REQUESTING PAGE: GET /Tablero with {} and HTTP headers {}
D, [2017-12-27T21:04:26.909182 #10704] DEBUG -- : REQUESTING PAGE: GET /Tablero with {} and HTTP headers {}
D, [2017-12-27T21:04:26.955174 #10704] DEBUG -- : REQUESTING PAGE: GET /Tablero with {} and HTTP headers {}
D, [2017-12-27T21:04:27.023145 #10704] DEBUG -- : REQUESTING PAGE: GET /Tablero with {} and HTTP headers {}
D, [2017-12-27T21:04:27.051181 #10704] DEBUG -- : REQUESTING PAGE: GET /Tablero with {} and HTTP headers {"HTTP_REFERER"=>"/Tablero"}
D, [2017-12-27T21:04:27.102207 #10704] DEBUG -- : REQUESTING PAGE: GET /Tablero with {} and HTTP headers {}
D, [2017-12-27T21:04:27.138145 #10704] DEBUG -- : REQUESTING PAGE: GET /Tablero with {} and HTTP headers {"HTTP_REFERER"=>"/Tablero"}
D, [2017-12-27T21:04:27.300079 #10704] DEBUG -- : REQUESTING PAGE: GET /Tablero with {} and HTTP headers {}
D, [2017-12-27T21:04:27.337090 #10704] DEBUG -- : REQUESTING PAGE: GET / with {} and HTTP headers {"HTTP_REFERER"=>"/Tablero"}
D, [2017-12-27T21:05:04.273824 #5912] DEBUG -- : REQUESTING PAGE: GET /Tablero with {} and HTTP headers {}
D, [2017-12-27T21:05:04.859834 #5912] DEBUG -- : REQUESTING PAGE: GET /Tablero with {} and HTTP headers {}
D, [2017-12-27T21:05:04.920817 #5912] DEBUG -- : REQUESTING PAGE: GET /Tablero with {} and HTTP headers {}
D, [2017-12-27T21:05:04.944815 #5912] DEBUG -- : REQUESTING PAGE: POST /marcar1 with {} and HTTP headers {"HTTP_REFERER"=>"/Tablero"}
D, [2017-12-27T21:05:04.982854 #5912] DEBUG -- : REQUESTING PAGE: GET /Tablero with {} and HTTP headers {}
D, [2017-12-27T21:05:05.010784 #5912] DEBUG -- : REQUESTING PAGE: POST /marcar1 with {} and HTTP headers {"HTTP_REFERER"=>"/Tablero"}
D, [2017-12-27T21:05:05.033802 #5912] DEBUG -- : REQUESTING PAGE: POST /marcar2 with {} and HTTP headers {"HTTP_REFERER"=>"/marcar1"}
D, [2017-12-27T21:05:05.081853 #5912] DEBUG -- : REQUESTING PAGE: GET /Tablero with {} and HTTP headers {}
D, [2017-12-27T21:05:05.112822 #5912] DEBUG -- : REQUESTING PAGE: POST /marcar1 with {} and HTTP headers {"HTTP_REFERER"=>"/Tablero"}
D, [2017-12-27T21:05:05.136798 #5912] DEBUG -- : REQUESTING PAGE: POST /marcar4 with {} and HTTP headers {"HTTP_REFERER"=>"/marcar1"}
D, [2017-12-27T21:05:05.153794 #5912] DEBUG -- : REQUESTING PAGE: POST /marcar2 with {} and HTTP headers {"HTTP_REFERER"=>"/marcar4"}
D, [2017-12-27T21:05:05.182804 #5912] DEBUG -- : REQUESTING PAGE: POST /marcar5 with {} and HTTP headers {"HTTP_REFERER"=>"/marcar2"}
D, [2017-12-27T21:05:05.204849 #5912] DEBUG -- : REQUESTING PAGE: POST /marcar3 with {} and HTTP headers {"HTTP_REFERER"=>"/marcar5"}
D, [2017-12-27T21:05:05.241785 #5912] DEBUG -- : REQUESTING PAGE: GET /Tablero with {} and HTTP headers {}
D, [2017-12-27T21:05:05.290849 #5912] DEBUG -- : REQUESTING PAGE: GET /Tablero with {} and HTTP headers {}
D, [2017-12-27T21:05:05.335789 #5912] DEBUG -- : REQUESTING PAGE: GET /Tablero with {} and HTTP headers {}
D, [2017-12-27T21:05:05.374785 #5912] DEBUG -- : REQUESTING PAGE: GET /Tablero with {} and HTTP headers {}
D, [2017-12-27T21:05:05.420851 #5912] DEBUG -- : REQUESTING PAGE: GET /Tablero with {} and HTTP headers {}
D, [2017-12-27T21:05:05.470840 #5912] DEBUG -- : REQUESTING PAGE: GET /Tablero with {} and HTTP headers {}
D, [2017-12-27T21:05:05.520815 #5912] DEBUG -- : REQUESTING PAGE: GET /Tablero with {} and HTTP headers {}
D, [2017-12-27T21:05:05.568841 #5912] DEBUG -- : REQUESTING PAGE: GET /Tablero with {} and HTTP headers {}
D, [2017-12-27T21:05:05.622784 #5912] DEBUG -- : REQUESTING PAGE: GET /Tablero with {} and HTTP headers {}
D, [2017-12-27T21:05:05.695820 #5912] DEBUG -- : REQUESTING PAGE: GET /Tablero with {} and HTTP headers {}
D, [2017-12-27T21:05:05.740831 #5912] DEBUG -- : REQUESTING PAGE: GET /Tablero with {} and HTTP headers {"HTTP_REFERER"=>"/Tablero"}
D, [2017-12-27T21:05:05.786787 #5912] DEBUG -- : REQUESTING PAGE: GET /Tablero with {} and HTTP headers {}
D, [2017-12-27T21:05:05.818789 #5912] DEBUG -- : REQUESTING PAGE: GET /Tablero with {} and HTTP headers {"HTTP_REFERER"=>"/Tablero"}
D, [2017-12-27T21:05:05.977786 #5912] DEBUG -- : REQUESTING PAGE: GET /Tablero with {} and HTTP headers {}
D, [2017-12-27T21:05:06.010785 #5912] DEBUG -- : REQUESTING PAGE: GET / with {} and HTTP headers {"HTTP_REFERER"=>"/Tablero"}
D, [2017-12-27T21:06:33.060719 #10336] DEBUG -- : REQUESTING PAGE: GET / with {} and HTTP headers {}
D, [2017-12-27T21:06:33.206678 #10336] DEBUG -- : REQUESTING PAGE: GET /Tablero with {} and HTTP headers {}
D, [2017-12-27T21:06:33.278721 #10336] DEBUG -- : REQUESTING PAGE: GET /Tablero with {} and HTTP headers {}
D, [2017-12-27T21:06:33.302670 #10336] DEBUG -- : REQUESTING PAGE: POST /marcar1 with {} and HTTP headers {"HTTP_REFERER"=>"/Tablero"}
D, [2017-12-27T21:06:33.349689 #10336] DEBUG -- : REQUESTING PAGE: GET /Tablero with {} and HTTP headers {}
D, [2017-12-27T21:06:33.378703 #10336] DEBUG -- : REQUESTING PAGE: POST /marcar1 with {} and HTTP headers {"HTTP_REFERER"=>"/Tablero"}
D, [2017-12-27T21:06:33.396671 #10336] DEBUG -- : REQUESTING PAGE: POST /marcar2 with {} and HTTP headers {"HTTP_REFERER"=>"/marcar1"}
D, [2017-12-27T21:06:33.442752 #10336] DEBUG -- : REQUESTING PAGE: GET /Tablero with {} and HTTP headers {}
D, [2017-12-27T21:06:33.471679 #10336] DEBUG -- : REQUESTING PAGE: POST /marcar1 with {} and HTTP headers {"HTTP_REFERER"=>"/Tablero"}
D, [2017-12-27T21:06:33.494688 #10336] DEBUG -- : REQUESTING PAGE: POST /marcar4 with {} and HTTP headers {"HTTP_REFERER"=>"/marcar1"}
D, [2017-12-27T21:06:33.514701 #10336] DEBUG -- : REQUESTING PAGE: POST /marcar2 with {} and HTTP headers {"HTTP_REFERER"=>"/marcar4"}
D, [2017-12-27T21:06:33.541668 #10336] DEBUG -- : REQUESTING PAGE: POST /marcar5 with {} and HTTP headers {"HTTP_REFERER"=>"/marcar2"}
D, [2017-12-27T21:06:33.562684 #10336] DEBUG -- : REQUESTING PAGE: POST /marcar3 with {} and HTTP headers {"HTTP_REFERER"=>"/marcar5"}
D, [2017-12-27T21:06:33.629675 #10336] DEBUG -- : REQUESTING PAGE: GET /Tablero with {} and HTTP headers {}
D, [2017-12-27T21:06:33.684689 #10336] DEBUG -- : REQUESTING PAGE: GET /Tablero with {} and HTTP headers {}
D, [2017-12-27T21:06:33.729709 #10336] DEBUG -- : REQUESTING PAGE: GET /Tablero with {} and HTTP headers {}
D, [2017-12-27T21:06:33.773671 #10336] DEBUG -- : REQUESTING PAGE: GET /Tablero with {} and HTTP headers {}
D, [2017-12-27T21:06:33.811671 #10336] DEBUG -- : REQUESTING PAGE: GET /Tablero with {} and HTTP headers {}
D, [2017-12-27T21:06:33.856685 #10336] DEBUG -- : REQUESTING PAGE: GET /Tablero with {} and HTTP headers {}
D, [2017-12-27T21:06:33.903689 #10336] DEBUG -- : REQUESTING PAGE: GET /Tablero with {} and HTTP headers {}
D, [2017-12-27T21:06:33.956748 #10336] DEBUG -- : REQUESTING PAGE: GET /Tablero with {} and HTTP headers {}
D, [2017-12-27T21:06:34.008673 #10336] DEBUG -- : REQUESTING PAGE: GET /Tablero with {} and HTTP headers {}
D, [2017-12-27T21:06:34.076671 #10336] DEBUG -- : REQUESTING PAGE: GET /Tablero with {} and HTTP headers {}
D, [2017-12-27T21:06:34.107674 #10336] DEBUG -- : REQUESTING PAGE: GET /Tablero with {} and HTTP headers {"HTTP_REFERER"=>"/Tablero"}
D, [2017-12-27T21:06:34.149670 #10336] DEBUG -- : REQUESTING PAGE: GET /Tablero with {} and HTTP headers {}
D, [2017-12-27T21:06:34.184697 #10336] DEBUG -- : REQUESTING PAGE: GET /Tablero with {} and HTTP headers {"HTTP_REFERER"=>"/Tablero"}
D, [2017-12-27T21:06:34.342679 #10336] DEBUG -- : REQUESTING PAGE: GET /Tablero with {} and HTTP headers {}
D, [2017-12-27T21:06:34.376717 #10336] DEBUG -- : REQUESTING PAGE: GET / with {} and HTTP headers {"HTTP_REFERER"=>"/Tablero"}
